 0000           ;;*****************************************************************************
 0000           ;;*****************************************************************************
 0000           ;;  FILENAME:   UARTINT.asm
 0000           ;;  Version: 5.2, Updated on 2008/6/23 at 12:26:23
 0000           ;;  Generated by PSoC Designer ???
 0000           ;;
 0000           ;;  DESCRIPTION:  UART Interrupt Service Routine.
 0000           ;;-----------------------------------------------------------------------------
 0000           ;;  Copyright (c) Cypress MicroSystems 2000-2003. All Rights Reserved.
 0000           ;;*****************************************************************************
 0000           ;;*****************************************************************************
 0000           
 0000           
 0004           UART_TX_INT_MASK:                            equ 0x04
 00E1           UART_TX_INT_REG:                             equ 0x0e1  ;TX interrupt address
 0008           UART_RX_INT_MASK:                            equ 0x08  ;mask value for global int reg bit for RX instance
 00E1           UART_RX_INT_REG:                             equ 0x0e1  ;RX interrupt address
 0000           
 0001           UART_RXBUF_ENABLE:                           equ 1
 0000           
 0000           ; Interrupt control masks
 0001           UART_ENABLE_RX_INT:                          equ 0x01
 0000           UART_DISABLE_RX_INT:                         equ 0x00
 0002           UART_ENABLE_TX_INT:                          equ 0x02
 0000           UART_DISABLE_TX_INT:                         equ 0x00
 0000           
 0000           UART_INT_MODE_TX_REG_EMPTY:                  equ 0x00
 0001           UART_INT_MODE_TX_COMPLETE:                   equ 0x01
 0000           
 0020           UART_RX_IGNORE_BELOW:                        equ 0x20
 0010           UART_RX_BUFFER_SIZE:                         equ 0x10
 000D           UART_CMD_TERM:                               equ 0xd
 0020           UART_DELIMITER:                              equ 0x20
 0000           UART_BACKSPACE_ENABLE:                       equ 0x0
 0000           
 0000           ;;;;;;;;;;;;;;;;;;;;;;;;;;;;;;;;;;;;;;;;;;;;;
 0000           ;       WARNING WARNING WARNING
 0000           ; The following equates are for backwards
 0000           ; compatibility only and should not be used
 0000           ; for new designs.
 0000           ;;;;;;;;;;;;;;;;;;;;;;;;;;;;;;;;;;;;;;;;;;;;;
 0000           
 0000           ;------------------------------------
 0000           ;  Parity masks
 0000           ;------------------------------------
 0000           UART_PARITY_NONE:       equ   00h
 0002           UART_PARITY_EVEN:       equ   02h
 0006           UART_PARITY_ODD:        equ   06h
 0000           
 0000           ;------------------------------------
 0000           ;  TX Status Register masks
 0000           ;------------------------------------
 0020           UART_TX_COMPLETE:       equ   20h
 0010           UART_TX_BUFFER_EMPTY:   equ   10h
 0000           
 0000           ;------------------------------------
 0000           ;  RX Status Register masks
 0000           ;------------------------------------
 0010           UART_RX_ACTIVE:         equ   10h
 0008           UART_RX_COMPLETE:       equ   08h
 0080           UART_RX_PARITY_ERROR:   equ   80h
 0040           UART_RX_OVERRUN_ERROR:  equ   40h
 0020           UART_RX_FRAMING_ERROR:  equ   20h
 00E0           UART_RX_NO_ERROR:       equ   E0h
 0000           ;;;;;;;;;;;;;;;;;;;;;;;;;;;;;;;;;;;;;;;;;;;;;
 0000           ;             END WARNING
 0000           ;;;;;;;;;;;;;;;;;;;;;;;;;;;;;;;;;;;;;;;;;;;;;
 0000           
 0000           
 0000           
 0000           ;------------------------------------
 0000           ;  Parity masks
 0000           ;------------------------------------
 0000           UART_PARITY_NONE:                       equ   00h
 0002           UART_PARITY_EVEN:                       equ   02h
 0006           UART_PARITY_ODD:                        equ   06h
 0000           
 0000           ;------------------------------------
 0000           ;  TX Status Register masks
 0000           ;------------------------------------
 0020           UART_TX_COMPLETE:                       equ   20h
 0010           UART_TX_BUFFER_EMPTY:                   equ   10h
 0000           
 0000           ;------------------------------------
 0000           ;  RX Status Register masks
 0000           ;------------------------------------
 0010           UART_RX_ACTIVE:                         equ   10h
 0008           UART_RX_COMPLETE:                       equ   08h
 0008           UART_RX_REG_FULL:                       equ   08h
 0080           UART_RX_PARITY_ERROR:                   equ   80h
 0040           UART_RX_OVERRUN_ERROR:                  equ   40h
 0020           UART_RX_FRAMING_ERROR:                  equ   20h
 00E0           UART_RX_ERROR:                          equ   E0h
 0001           UART_RX_ENABLE:                         equ   01h
 0000           
 00F0           UART_RX_BUF_ERROR:                      equ   F0h  ; Mask for any Rx that may occur.
 0010           UART_RX_BUF_OVERRUN:                    equ   10h  ; This indicates the software buffer has
 0000                                                                   ; been over run.
 0001           UART_RX_BUF_CMDTERM:                    equ   01h  ; Command terminator has been received.
 0000           
 0001           UART_RX_NO_DATA:                        equ   01h
 00E0           UART_RX_NO_ERROR:                       equ   E0h
 0000           
 0000           
 0000           ;--------------------------------------------------
 0000           ; Registers Address Constants for UART
 0000           ;--------------------------------------------------
 0000           ;---------------------------------
 0000           ;  Registers used by TX
 0000           ;---------------------------------
 002B           UART_TX_CONTROL_REG:    equ 2bh            ; Control register
 0028           UART_TX_SHIFT_REG:  equ 28h               ; TX Shift Register register
 0029           UART_TX_BUFFER_REG: equ 29h               ; TX Buffer Register
 0028           UART_TX_FUNC_REG:   equ 28h             ; Function register
 0029           UART_TX_INPUT_REG:  equ 29h             ; Input register
 002A           UART_TX_OUTPUT_REG: equ 2ah             ; Output register
 0000           
 0000           ;---------------------------------
 0000           ;  Registers used by RX
 0000           ;---------------------------------
 002F           UART_RX_CONTROL_REG:    equ 2fh            ; Control register
 002C           UART_RX_SHIFT_REG:  equ 2ch               ; RX Shift Register register
 002E           UART_RX_BUFFER_REG: equ 2eh               ; RX Buffer Register
 002C           UART_RX_FUNC_REG:   equ 2ch             ; Function register
 002D           UART_RX_INPUT_REG:  equ 2dh             ; Input register
 002E           UART_RX_OUTPUT_REG: equ 2eh             ; Output register
 0000           
 0000           ; end of file UART.inc
 0001           SYSTEM_STACK_PAGE: equ 1   
 0000           SYSTEM_STACK_BASE_ADDR: equ 0h   
 0001           SYSTEM_LARGE_MEMORY_MODEL: equ 1   
 0000           SYSTEM_SMALL_MEMORY_MODEL: equ 0   
 0001           IMAGECRAFT: equ 1   
 0002           HITECH: equ 2   
 0001           TOOLCHAIN: equ IMAGECRAFT   
 0001           SYSTEM_TOOLS: equ 1   
 0001           SYSTEM_IDXPG_TRACKS_STK_PP: equ 1   
 0000           SYSTEM_IDXPG_TRACKS_IDX_PP: equ 0   
 0000           SYSTEM_MULTIPAGE_STACK: equ 0 
 0000           
 0000           
 0000           ;  ******* Function Class Definitions *******
 0000           ;
 0000           ;  These definitions are used to describe RAM access patterns. They provide
 0000           ;  documentation and they control prologue and epilogue macros that perform
 0000           ;  the necessary housekeeping functions for large memory model devices like
 0000           ;  the CY8C27x66 and CY8C29x66.
 0000           
 0001           RAM_USE_CLASS_1:               equ 1   ; PUSH, POP & I/O access
 0002           RAM_USE_CLASS_2:               equ 2   ; Indexed address mode on stack page
 0004           RAM_USE_CLASS_3:               equ 4   ; Indexed address mode to any page
 0008           RAM_USE_CLASS_4:               equ 8   ; Direct/Indirect address mode access
 0000           
 0000           
 0000           ;  ******* Page Pointer Manipulation Macros *******
 0000           ;
 0000           ;  Most of the following macros are conditionally compiled so they only
 0000           ;  produce code if the large memory model is selected.
 0000           
 0000              ;-----------------------------------------------
 0000              ;  Set Stack Page Macro
 0000              ;-----------------------------------------------
 0000              ;
 0000              ;  DESC: Modify STK_PP in the large or small memory Models.
 0000              ;
 0000              ; INPUT: Constant (e.g., SYSTEM_STACK_PAGE) that specifies the RAM page on
 0000              ;        which stack operations like PUSH and POP store and retrieve their
 0000              ;        data
 0000              ;
 0000              ;  COST: 8 instruction cycles (in LMM only)
 0000           
 0000              macro RAM_SETPAGE_STK( PG_NUMBER )
 0000              IF ( SYSTEM_LARGE_MEMORY_MODEL )
 0000                 mov reg[STK_PP], @PG_NUMBER
 0000              ENDIF
 0000              macro RAM_SETPAGE_CUR( PG_NUMBER )
 0000              IF ( SYSTEM_LARGE_MEMORY_MODEL )
 0000                 mov reg[CUR_PP], @PG_NUMBER
 0000              ENDIF
 0000              macro RAM_SETPAGE_IDX( PG_NUMBER )
 0000              IF ( SYSTEM_LARGE_MEMORY_MODEL )
 0000                 mov reg[IDX_PP], @PG_NUMBER
 0000              ENDIF
 0000              macro RAM_SETPAGE_MVR( PG_NUMBER )
 0000              IF ( SYSTEM_LARGE_MEMORY_MODEL )
 0000                 mov reg[MVR_PP], @PG_NUMBER
 0000              ENDIF
 0000              macro RAM_SETPAGE_MVW( PG_NUMBER )
 0000              IF ( SYSTEM_LARGE_MEMORY_MODEL )
 0000                 mov reg[MVW_PP], @PG_NUMBER
 0000              ENDIF
 0000              macro RAM_SETPAGE_IDX2STK
 0000              IF ( SYSTEM_LARGE_MEMORY_MODEL )
 0000                 IF ( SYSTEM_MULTIPAGE_STACK )
 0000                    mov   A, reg[STK_PP]
 0000                    mov   reg[IDX_PP], A
 0000                 ELSE
 0000                    RAM_SETPAGE_IDX SYSTEM_STACK_PAGE
 0000                 ENDIF
 0000              ENDIF
 0000              macro RAM_CHANGE_PAGE_MODE( MODE )
 0000              IF ( SYSTEM_LARGE_MEMORY_MODEL )
 0000                 and   F, ~FLAG_PGMODE_MASK        ; NOTE: transition thru 00b state
 0000                 or    F,  FLAG_PGMODE_MASK & @MODE
 0000              ENDIF
 0000              macro RAM_SET_NATIVE_PAGING
 0000              IF ( SYSTEM_LARGE_MEMORY_MODEL )
 0000              IF ( SYSTEM_IDXPG_TRACKS_STK_PP )
 0000                 or    F,  FLAG_PGMODE_11b            ; LMM w/ IndexPage<==>StackPage
 0000              ENDIF ;  PGMODE LOCKED
 0000              IF ( SYSTEM_IDXPG_TRACKS_IDX_PP )
 0000                 or    F,  FLAG_PGMODE_10b            ; LMM with independent IndexPage
 0000              ENDIF ; PGMODE FREE
 0000              ENDIF ; SYSTEM_LARGE_MEMORY_MODEL
 0000              macro RAM_RESTORE_NATIVE_PAGING
 0000              IF ( SYSTEM_LARGE_MEMORY_MODEL )
 0000              IF ( SYSTEM_IDXPG_TRACKS_STK_PP )
 0000                 RAM_CHANGE_PAGE_MODE FLAG_PGMODE_11b ; LMM w/ IndexPage<==>StackPage
 0000              ENDIF ;  PGMODE LOCKED
 0000              IF ( SYSTEM_IDXPG_TRACKS_IDX_PP )
 0000                 RAM_CHANGE_PAGE_MODE FLAG_PGMODE_10b ; LMM with independent IndexPage
 0000              ENDIF ; PGMODE FREE
 0000              ENDIF ; SYSTEM_LARGE_MEMORY_MODEL
 0000              macro RAM_X_POINTS_TO_STACKPAGE
 0000              IF ( SYSTEM_LARGE_MEMORY_MODEL )
 0000                 or   F, FLAG_PGMODE_01b
 0000              ENDIF ;  SYSTEM_LARGE_MEMORY_MODEL
 0000              macro RAM_X_POINTS_TO_INDEXPAGE
 0000              IF ( SYSTEM_LARGE_MEMORY_MODEL )
 0000                 and  F, ~FLAG_PGMODE_01b
 0000              ENDIF ;  SYSTEM_LARGE_MEMORY_MODEL
 0000              macro RAM_PROLOGUE( ACTUAL_CLASS )
 0000           
 0000              IF ( @ACTUAL_CLASS & RAM_USE_CLASS_1 )
 0000              ; Nothing to do
 0000              ENDIF ; RAM_USE_CLASS_1
 0000           
 0000              IF ( @ACTUAL_CLASS & RAM_USE_CLASS_2 )
 0000                 IF ( SYSTEM_IDXPG_TRACKS_IDX_PP )
 0000                    RAM_X_POINTS_TO_STACKPAGE         ; exit native paging mode!
 0000                 ENDIF
 0000              ENDIF ; RAM_USE_CLASS_2
 0000           
 0000              IF ( @ACTUAL_CLASS & RAM_USE_CLASS_3 )
 0000                 IF ( SYSTEM_IDXPG_TRACKS_STK_PP )
 0000                    RAM_X_POINTS_TO_INDEXPAGE         ; exit native paging mode!
 0000                 ENDIF
 0000              ENDIF ; RAM_USE_CLASS_3
 0000           
 0000              IF ( @ACTUAL_CLASS & RAM_USE_CLASS_4 )
 0000              ; Nothing to do
 0000              ENDIF ; RAM_USE_CLASS_4
 0000           
 0000              macro RAM_EPILOGUE( ACTUAL_CLASS )
 0000           
 0000              IF ( @ACTUAL_CLASS & RAM_USE_CLASS_1 )
 0000              ; Nothing to do
 0000              ENDIF ; RAM_USE_CLASS_1
 0000           
 0000              IF ( @ACTUAL_CLASS & RAM_USE_CLASS_2 )
 0000                 RAM_RESTORE_NATIVE_PAGING
 0000              ENDIF ; RAM_USE_CLASS_2
 0000           
 0000              IF ( @ACTUAL_CLASS & RAM_USE_CLASS_3 )
 0000                 RAM_RESTORE_NATIVE_PAGING
 0000              ENDIF ; RAM_USE_CLASS_3
 0000           
 0000              IF ( @ACTUAL_CLASS & RAM_USE_CLASS_4 )
 0000              ; Nothing to do
 0000              ENDIF ; RAM_USE_CLASS_4
 0000           
 0000              macro REG_PRESERVE( IOReg )
 0000              mov   A, reg[ @IOReg ]
 0000              push  A
 0000              macro REG_RESTORE( IOReg )
 0000              pop   A
 0000              mov   reg[ @IOReg ], A
 0000              macro ISR_PRESERVE_PAGE_POINTERS
 0000              IF ( SYSTEM_LARGE_MEMORY_MODEL )
 0000                 REG_PRESERVE CUR_PP
 0000                 REG_PRESERVE IDX_PP
 0000                 REG_PRESERVE MVR_PP
 0000                 REG_PRESERVE MVW_PP
 0000              ENDIF
 0000              macro ISR_RESTORE_PAGE_POINTERS
 0000              IF ( SYSTEM_LARGE_MEMORY_MODEL )
 0000                 REG_RESTORE MVW_PP
 0000                 REG_RESTORE MVR_PP
 0000                 REG_RESTORE IDX_PP
 0000                 REG_RESTORE CUR_PP
 0000              ENDIF
 00C0           FLAG_PGMODE_MASK:  equ 0C0h     ; Paging control for > 256 bytes of RAM
 0000           FLAG_PGMODE_0:     equ 00h       ; Direct to Page 0,      indexed to Page 0
 0040           FLAG_PGMODE_1:     equ 40h       ; Direct to Page 0,      indexed to STK_PP page
 0080           FLAG_PGMODE_2:     equ 80h       ; Direct to CUR_PP page, indexed to IDX_PP page
 00C0           FLAG_PGMODE_3:     equ 0C0h       ; Direct to CUR_PP page, indexed to STK_PP page
 0000           FLAG_PGMODE_00b:   equ 00h       ; Same as PGMODE_0
 0040           FLAG_PGMODE_01b:   equ 40h       ; Same as PGMODE_1
 0080           FLAG_PGMODE_10b:   equ 80h       ; Same as PGMODE_2
 00C0           FLAG_PGMODE_11b:   equ 0C0h       ; Same as PGMODE_3
 0010           FLAG_XIO_MASK:     equ 10h     ; I/O Bank select for register space
 0008           FLAG_SUPER:        equ 08h     ; Supervisor Mode
 0004           FLAG_CARRY:        equ 04h     ; Carry Condition Flag
 0002           FLAG_ZERO:         equ 02h     ; Zero  Condition Flag
 0001           FLAG_GLOBAL_IE:    equ 01h     ; Glogal Interrupt Enable
 0000           
 0000           
 0000           ;;=============================================================================
 0000           ;;      Register Space, Bank 0
 0000           ;;=============================================================================
 0000           
 0000           ;------------------------------------------------
 0000           ;  Port Registers
 0000           ;  Note: Also see this address range in Bank 1.
 0000           ;------------------------------------------------
 0000           ; Port 0
 0000           PRT0DR:       equ 00h          ; Port 0 Data Register                     (RW)
 0001           PRT0IE:       equ 01h          ; Port 0 Interrupt Enable Register         (RW)
 0002           PRT0GS:       equ 02h          ; Port 0 Global Select Register            (RW)
 0003           PRT0DM2:      equ 03h          ; Port 0 Drive Mode 2                      (RW)
 0000           ; Port 1
 0004           PRT1DR:       equ 04h          ; Port 1 Data Register                     (RW)
 0005           PRT1IE:       equ 05h          ; Port 1 Interrupt Enable Register         (RW)
 0006           PRT1GS:       equ 06h          ; Port 1 Global Select Register            (RW)
 0007           PRT1DM2:      equ 07h          ; Port 1 Drive Mode 2                      (RW)
 0000           ; Port 2
 0008           PRT2DR:       equ 08h          ; Port 2 Data Register                     (RW)
 0009           PRT2IE:       equ 09h          ; Port 2 Interrupt Enable Register         (RW)
 000A           PRT2GS:       equ 0Ah          ; Port 2 Global Select Register            (RW)
 000B           PRT2DM2:      equ 0Bh          ; Port 2 Drive Mode 2                      (RW)
 0000           ; Port 3
 000C           PRT3DR:       equ 0Ch          ; Port 3 Data Register                     (RW)
 000D           PRT3IE:       equ 0Dh          ; Port 3 Interrupt Enable Register         (RW)
 000E           PRT3GS:       equ 0Eh          ; Port 3 Global Select Register            (RW)
 000F           PRT3DM2:      equ 0Fh          ; Port 3 Drive Mode 2                      (RW)
 0000           
 0000           ;------------------------------------------------
 0000           ;  Digital PSoC(tm) block Registers
 0000           ;  Note: Also see this address range in Bank 1.
 0000           ;------------------------------------------------
 0000           ; Digital PSoC block 00, Basic Type B
 0020           DBB00DR0:     equ 20h          ; data register 0                          (#)
 0021           DBB00DR1:     equ 21h          ; data register 1                          (W)
 0022           DBB00DR2:     equ 22h          ; data register 2                          (RW)
 0023           DBB00CR0:     equ 23h          ; control & status register 0              (#)
 0000           
 0000           ; Digital PSoC block 01, Basic Type B
 0024           DBB01DR0:     equ 24h          ; data register 0                          (#)
 0025           DBB01DR1:     equ 25h          ; data register 1                          (W)
 0026           DBB01DR2:     equ 26h          ; data register 2                          (RW)
 0027           DBB01CR0:     equ 27h          ; control & status register 0              (#)
 0000           
 0000           ; Digital PSoC block 02, Communications Type B
 0028           DCB02DR0:     equ 28h          ; data register 0                          (#)
 0029           DCB02DR1:     equ 29h          ; data register 1                          (W)
 002A           DCB02DR2:     equ 2Ah          ; data register 2                          (RW)
 002B           DCB02CR0:     equ 2Bh          ; control & status register 0              (#)
 0000           
 0000           ; Digital PSoC block 03, Communications Type B
 002C           DCB03DR0:     equ 2Ch          ; data register 0                          (#)
 002D           DCB03DR1:     equ 2Dh          ; data register 1                          (W)
 002E           DCB03DR2:     equ 2Eh          ; data register 2                          (RW)
 002F           DCB03CR0:     equ 2Fh          ; control & status register 0              (#)
 0000           
 0000           ;-------------------------------------
 0000           ;  Analog Control Registers
 0000           ;-------------------------------------
 0060           AMX_IN:       equ 60h          ; Analog Input Multiplexor Control         (RW)
 000C           AMX_IN_ACI1:          equ 0Ch    ; MASK: column 1 input mux
 0003           AMX_IN_ACI0:          equ 03h    ; MASK: column 0 input mux
 0000           
 0061           AMUXCFG:      equ 61h          ; Analog MUX Configuration
 0030           AMUXCFG_INTCAP:       equ 30h    ;
 000E           AMUXCFG_MUXCLK:  	  equ 0Eh	 ;
 0001           AMUXCFG_EN:		  	  equ 01h	 ;
 0000           
 0062           PWM_CR:       equ 62h          ; Pulse-Width Modulator Control
 0038           PWM_CR_HIGH:          equ 38h    ; MASK: PWM high time
 0006           PWM_CR_LOW:           equ 06h	 ; MASK: PWM low time
 0001           PWM_CR_EN:            equ 01h	 ; MASK: Enable/Disable PWM function
 0000           
 0064           CMP_CR0:      equ 64h          ; Analog Comparator Bus Register           (#)
 0020           CMP_CR0_COMP1:        equ 20h    ; MASK: Column 1 comparator state        (R)
 0010           CMP_CR0_COMP0:        equ 10h    ; MASK: Column 0 comparator state        (R)
 0002           CMP_CR0_AINT1:        equ 02h    ; MASK: Column 1 interrupt source        (RW)
 0001           CMP_CR0_AINT0:        equ 01h    ; MASK: Column 0 interrupt source        (RW)
 0000           
 0066           CMP_CR1:      equ 66h          ; Analog Comparator Bus 1 Register         (RW)
 0020           CMP_CR1_CLDIS1:       equ 20h    ; MASK: Column 1 comparator output latch
 0010           CMP_CR1_CLDIS0:	      equ 10h    ; MASK: Column 0 comparator output latch
 0000           
 0068           ADC0_CR:      equ 68h          ; Analog Column 0 Configuration
 0080           ADC0_CR_CMPST:        equ 80h    ;
 0040           ADC0_CR_LOREN:        equ 40h    ;
 0020           ADC0_CR_SHEN:         equ 20h    ;
 0008           ADC0_CR_CBSRC:        equ 08h    ;
 0004           ADC0_CR_ADCM:         equ 04h    ;
 0001           ADC0_CR_EN:	          equ 01h    ;
 0000           
 0069           ADC1_CR:      equ 69h          ; Analog Column 1 Configuration
 0080           ADC1_CR_CMPST:        equ 80h    ;
 0040           ADC1_CR_LOREN:        equ 40h    ;
 0020           ADC1_CR_SHEN:         equ 20h    ;
 0008           ADC1_CR_CBSRC:        equ 08h    ;
 0004           ADC1_CR_ADCM:         equ 04h    ;
 0001           ADC1_CR_EN:	          equ 01h    ;
 0000           
 0000           ; Continuous Time PSoC block Type E Row 0 Col 0
 0072           ACE00CR1:     equ 72h          ; Control register 1                       (RW)
 0073           ACE00CR2:     equ 73h          ; Control register 2                       (RW)
 0000           
 0000           ; Continuous Time PSoC block Type E Row 0 Col 1
 0076           ACE01CR1:     equ 76h          ; Control register 1                       (RW)
 0077           ACE01CR2:     equ 77h          ; Control register 2                       (RW)
 0000           
 0000           ; Switched Cap PSoC blockType E Row 1 Col 0
 0080           ASE10CR0:     equ 80h          ; Control register 0                       (RW)
 0000           
 0000           ; Switched Cap PSoC blockType E Row 1 Col 1
 0084           ASE11CR0:     equ 84h          ; Control register 0                       (RW)
 0000           
 0000           ;-----------------------------------------------
 0000           ;  Global General Purpose Data Registers
 0000           ;-----------------------------------------------
 006C           TMP_DR0:      equ 6Ch          ; Temporary Data Register 0                (RW)
 006D           TMP_DR1:      equ 6Dh          ; Temporary Data Register 1                (RW)
 006E           TMP_DR2:      equ 6Eh          ; Temporary Data Register 2                (RW)
 006F           TMP_DR3:      equ 6Fh          ; Temporary Data Register 3                (RW)
 0000           
 0000           ;------------------------------------------------
 0000           ;  Row Digital Interconnects
 0000           ;
 0000           ;  Note: the following registers are mapped into
 0000           ;  both register bank 0 AND register bank 1.
 0000           ;------------------------------------------------
 0000           
 00B0           RDI0RI:       equ 0B0h          ; Row Digital Interconnect Row 0 Input Reg (RW)
 00B1           RDI0SYN:      equ 0B1h          ; Row Digital Interconnect Row 0 Sync Reg  (RW)
 00B2           RDI0IS:       equ 0B2h          ; Row 0 Input Select Register              (RW)
 00B3           RDI0LT0:      equ 0B3h          ; Row 0 Look Up Table Register 0           (RW)
 00B4           RDI0LT1:      equ 0B4h          ; Row 0 Look Up Table Register 1           (RW)
 00B5           RDI0RO0:      equ 0B5h          ; Row 0 Output Register 0                  (RW)
 00B6           RDI0RO1:      equ 0B6h          ; Row 0 Output Register 1                  (RW)
 0000           
 0000           ;-----------------------------------------------
 0000           ;  Ram Page Pointers
 0000           ;-----------------------------------------------
 00D0           CUR_PP:      equ 0D0h           ; Current   Page Pointer
 00D1           STK_PP:      equ 0D1h           ; Stack     Page Pointer
 00D3           IDX_PP:      equ 0D3h           ; Index     Page Pointer
 00D4           MVR_PP:      equ 0D4h           ; MVI Read  Page Pointer
 00D5           MVW_PP:      equ 0D5h           ; MVI Write Page Pointer
 0000           
 0000           ;------------------------------------------------
 0000           ;  I2C Configuration Registers
 0000           ;------------------------------------------------
 00D6           I2C_CFG:      equ 0D6h          ; I2C Configuration Register               (RW)
 0040           I2C_CFG_PINSEL:         equ 40h  ; MASK: Select P1[0] and P1[1] for I2C
 0020           I2C_CFG_BUSERR_IE:      equ 20h  ; MASK: Enable interrupt on Bus Error
 0010           I2C_CFG_STOP_IE:        equ 10h  ; MASK: Enable interrupt on Stop
 0000           I2C_CFG_CLK_RATE_100K:  equ 00h  ; MASK: I2C clock set at 100K
 0004           I2C_CFG_CLK_RATE_400K:  equ 04h  ; MASK: I2C clock set at 400K
 0008           I2C_CFG_CLK_RATE_50K:   equ 08h  ; MASK: I2C clock set at 50K
 000C           I2C_CFG_CLK_RATE:       equ 0Ch  ; MASK: I2C clock rate setting mask
 0002           I2C_CFG_PSELECT_MASTER: equ 02h  ; MASK: Enable I2C Master
 0001           I2C_CFG_PSELECT_SLAVE:  equ 01h  ; MASK: Enable I2C Slave
 0000           
 00D7           I2C_SCR:      equ 0D7h          ; I2C Status and Control Register          (#)
 0080           I2C_SCR_BUSERR:        equ 80h   ; MASK: I2C Bus Error detected           (RC)
 0040           I2C_SCR_LOSTARB:       equ 40h   ; MASK: I2C Arbitration lost             (RC)
 0020           I2C_SCR_STOP:          equ 20h   ; MASK: I2C Stop detected                (RC)
 0010           I2C_SCR_ACK:           equ 10h   ; MASK: ACK the last byte                (RW)
 0008           I2C_SCR_ADDR:          equ 08h   ; MASK: Address rcv'd is Slave address   (RC)
 0004           I2C_SCR_XMIT:          equ 04h   ; MASK: Set transfer to tranmit mode     (RW)
 0002           I2C_SCR_LRB:           equ 02h   ; MASK: Last recieved bit                (RC)
 0001           I2C_SCR_BYTECOMPLETE:  equ 01h   ; MASK: Transfer of byte complete        (RC)
 0000           
 00D8           I2C_DR:       equ 0D8h          ; I2C Data Register                        (RW)
 0000           
 00D9           I2C_MSCR:     equ 0D9h          ; I2C Master Status and Control Register   (#)
 0008           I2C_MSCR_BUSY:         equ 08h   ; MASK: I2C Busy (Start detected)        (R)
 0004           I2C_MSCR_MODE:         equ 04h   ; MASK: Start has been generated         (R)
 0002           I2C_MSCR_RESTART:      equ 02h   ; MASK: Generate a Restart condition     (RW)
 0001           I2C_MSCR_START:        equ 01h   ; MASK: Generate a Start condition       (RW)
 0000           
 0000           ;------------------------------------------------
 0000           ;  System and Global Resource Registers
 0000           ;------------------------------------------------
 00DA           INT_CLR0:     equ 0DAh          ; Interrupt Clear Register 0               (RW)
 0000                                          ; Use INT_MSK0 bit field masks
 00DB           INT_CLR1:     equ 0DBh          ; Interrupt Clear Register 1               (RW)
 0000                                          ; Use INT_MSK1 bit field masks
 00DD           INT_CLR3:     equ 0DDh          ; Interrupt Clear Register 3               (RW)
 0000                                          ; Use INT_MSK3 bit field masks
 0000           
 00DE           INT_MSK3:     equ 0DEh          ; I2C and Software Mask Register           (RW)
 0080           INT_MSK3_ENSWINT:          equ 80h ; MASK: enable/disable SW interrupt
 0001           INT_MSK3_I2C:              equ 01h ; MASK: enable/disable I2C interrupt
 0000           
 00E0           INT_MSK0:     equ 0E0h          ; General Interrupt Mask Register          (RW)
 0080           INT_MSK0_VC3:              equ 80h ; MASK: enable/disable VC3 interrupt
 0040           INT_MSK0_SLEEP:            equ 40h ; MASK: enable/disable sleep interrupt
 0020           INT_MSK0_GPIO:             equ 20h ; MASK: enable/disable GPIO  interrupt
 0004           INT_MSK0_ACOLUMN_1:        equ 04h ; MASK: enable/disable Analog col 1 interrupt
 0002           INT_MSK0_ACOLUMN_0:        equ 02h ; MASK: enable/disable Analog col 0 interrupt
 0001           INT_MSK0_VOLTAGE_MONITOR:  equ 01h ; MASK: enable/disable Volts interrupt
 0000           
 00E1           INT_MSK1:     equ 0E1h          ; Digital PSoC block Mask Register         (RW)
 0008           INT_MSK1_DCB03:            equ 08h ; MASK: enable/disable DCB03 block interrupt
 0004           INT_MSK1_DCB02:            equ 04h ; MASK: enable/disable DCB02 block interrupt
 0002           INT_MSK1_DBB01:            equ 02h ; MASK: enable/disable DBB01 block interrupt
 0001           INT_MSK1_DBB00:            equ 01h ; MASK: enable/disable DBB00 block interrupt
 0000           
 00E2           INT_VC:       equ 0E2h          ; Interrupt vector register                (RC)
 00E3           RES_WDT:      equ 0E3h          ; Watch Dog Timer Register                 (W)
 0000           
 0000           ; DECIMATOR Control Registers
 00E6           DEC_CR0:      equ 0E6h          ; Data Control Register 0                  (RW)
 00E7           DEC_CR1:      equ 0E7h          ; Data Control Register 1                  (RW)
 0000           
 0000           ;------------------------------------------------------
 0000           ;  System Status and Control Registers
 0000           ;
 0000           ;  Note: The following registers are mapped into both
 0000           ;        register bank 0 AND register bank 1.
 0000           ;------------------------------------------------------
 00F7           CPU_F:        equ 0F7h          ; CPU Flag Register Access                 (RO)
 0000                                              ; Use FLAG_ masks defined at top of file
 0000           
 00FD           DAC_D:        equ 0FDh		   ; DAC Data Register                        (RW)
 0000           
 00FE           CPU_SCR1:     equ 0FEh          ; CPU Status and Control Register #1       (#)
 0080           CPU_SCR1_IRESS:         equ 80h    ; MASK: flag, Internal Reset Status bit
 0010           CPU_SCR1_SLIMO:         equ 10h	   ; MASK: Slow IMO (internal main osc) enable
 0008           CPU_SCR1_ECO_ALWD_WR:   equ 08h    ; MASK: flag, ECO allowed has been written
 0004           CPU_SCR1_ECO_ALLOWED:   equ 04h    ; MASK: ECO allowed to be enabled
 0001           CPU_SCR1_IRAMDIS:       equ 01h    ; MASK: Disable RAM initialization on WDR
 0000           
 00FF           CPU_SCR0:     equ 0FFh          ; CPU Status and Control Register #2       (#)
 0080           CPU_SCR0_GIE_MASK:      equ 80h    ; MASK: Global Interrupt Enable shadow
 0020           CPU_SCR0_WDRS_MASK:     equ 20h    ; MASK: Watch Dog Timer Reset
 0010           CPU_SCR0_PORS_MASK:     equ 10h    ; MASK: power-on reset bit PORS
 0008           CPU_SCR0_SLEEP_MASK:    equ 08h    ; MASK: Enable Sleep
 0001           CPU_SCR0_STOP_MASK:     equ 01h    ; MASK: Halt CPU bit
 0000           
 0000           
 0000           ;;=============================================================================
 0000           ;;      Register Space, Bank 1
 0000           ;;=============================================================================
 0000           
 0000           ;------------------------------------------------
 0000           ;  Port Registers
 0000           ;  Note: Also see this address range in Bank 0.
 0000           ;------------------------------------------------
 0000           ; Port 0
 0000           PRT0DM0:      equ 00h          ; Port 0 Drive Mode 0                      (RW)
 0001           PRT0DM1:      equ 01h          ; Port 0 Drive Mode 1                      (RW)
 0002           PRT0IC0:      equ 02h          ; Port 0 Interrupt Control 0               (RW)
 0003           PRT0IC1:      equ 03h          ; Port 0 Interrupt Control 1               (RW)
 0000           
 0000           ; Port 1
 0004           PRT1DM0:      equ 04h          ; Port 1 Drive Mode 0                      (RW)
 0005           PRT1DM1:      equ 05h          ; Port 1 Drive Mode 1                      (RW)
 0006           PRT1IC0:      equ 06h          ; Port 1 Interrupt Control 0               (RW)
 0007           PRT1IC1:      equ 07h          ; Port 1 Interrupt Control 1               (RW)
 0000           
 0000           ; Port 2
 0008           PRT2DM0:      equ 08h          ; Port 2 Drive Mode 0                      (RW)
 0009           PRT2DM1:      equ 09h          ; Port 2 Drive Mode 1                      (RW)
 000A           PRT2IC0:      equ 0Ah          ; Port 2 Interrupt Control 0               (RW)
 000B           PRT2IC1:      equ 0Bh          ; Port 2 Interrupt Control 1               (RW)
 0000           
 0000           ; Port 3
 000C           PRT3DM0:      equ 0Ch          ; Port 3 Drive Mode 0                      (RW)
 000D           PRT3DM1:      equ 0Dh          ; Port 3 Drive Mode 1                      (RW)
 000E           PRT3IC0:      equ 0Eh          ; Port 3 Interrupt Control 0               (RW)
 000F           PRT3IC1:      equ 0Fh          ; Port 3 Interrupt Control 1               (RW)
 0000           
 0000           ;------------------------------------------------
 0000           ;  Digital PSoC(tm) block Registers
 0000           ;  Note: Also see this address range in Bank 0.
 0000           ;------------------------------------------------
 0000           
 0000           ; Digital PSoC block 00, Basic Type B
 0020           DBB00FN:      equ 20h          ; Function Register                        (RW)
 0021           DBB00IN:      equ 21h          ;    Input Register                        (RW)
 0022           DBB00OU:      equ 22h          ;   Output Register                        (RW)
 0000           
 0000           ; Digital PSoC block 01, Basic Type B
 0024           DBB01FN:      equ 24h          ; Function Register                        (RW)
 0025           DBB01IN:      equ 25h          ;    Input Register                        (RW)
 0026           DBB01OU:      equ 26h          ;   Output Register                        (RW)
 0000           
 0000           ; Digital PSoC block 02, Communications Type B
 0028           DCB02FN:      equ 28h          ; Function Register                        (RW)
 0029           DCB02IN:      equ 29h          ;    Input Register                        (RW)
 002A           DCB02OU:      equ 2Ah          ;   Output Register                        (RW)
 0000           
 0000           ; Digital PSoC block 03, Communications Type B
 002C           DCB03FN:      equ 2Ch          ; Function Register                        (RW)
 002D           DCB03IN:      equ 2Dh          ;    Input Register                        (RW)
 002E           DCB03OU:      equ 2Eh          ;   Output Register                        (RW)
 0000           
 0000           ;------------------------------------------------
 0000           ;  System and Global Resource Registers
 0000           ;  Note: Also see this address range in Bank 0.
 0000           ;------------------------------------------------
 0000           
 0060           CLK_CR0:      equ 60h          ; Analog Column Clock Select Register 0    (RW)
 000C           CLK_CR0_ACOLUMN_1:    equ 0Ch    ; MASK: Specify clock for analog cloumn
 0003           CLK_CR0_ACOLUMN_0:    equ 03h    ; MASK: Specify clock for analog cloumn
 0000           
 0061           CLK_CR1:      equ 61h          ; Analog Clock Source Select Register 1    (RW)
 0018           CLK_CR1_ACLK1:        equ 18h    ; MASK: Digital PSoC block for analog source
 0003           CLK_CR1_ACLK0:        equ 03h    ; MASK: Digital PSoC block for analog source
 0000           
 0003           CLK_CR1_ACLK2:        equ 03h    ; Deprecated do not use
 0000           
 0062           ABF_CR0:      equ 62h          ; Analog Output Buffer Control Register 0  (RW)
 0080           ABF_CR0_ACOL1MUX:     equ 80h    ; MASK: Analog Column 1 Mux control
 0000           
 0063           AMD_CR0:      equ 63h          ; Analog Modulator Control Register 0      (RW)
 000F           AMD_CR0_AMOD0:        equ 0Fh    ; MASK: Modulation source for analog column 0
 0000           
 0064           CMP_GO_EN:    equ 64h          ; Comparator Bus To Global Out Enable      (RW)
 0080           CMP_GO_EN_GOO5:       equ 80h    ; MASK: Selected Col 1 signal to GOO5
 0040           CMP_GO_EN_GOO1:       equ 40h    ; MASK: Selected Col 1 signal to GOO1
 0030           CMP_GO_EN_SEL1:       equ 30h    ; MASK: Column 1 Signal Select
 0008           CMP_GO_EN_GOO4:       equ 08h    ; MASK: Selected Col 0 signal to GOO4
 0004           CMP_GO_EN_GOO0:       equ 04h    ; MASK: Selected Col 0 signal to GOO0
 0003           CMP_GO_EN_SEL0:       equ 03h    ; MASK: Column 0 Signal Select
 0000           
 0066           AMD_CR1:      equ 66h          ; Analog Modulator Control Register 1      (RW)
 000F           AMD_CR1_AMOD1:        equ 0Fh    ; MASK: Modulation ctrl for analog column 1
 0000           
 0067           ALT_CR0:      equ 67h          ; Analog Look Up Table (LUT) Register 0    (RW)
 00F0           ALT_CR0_LUT1:         equ 0F0h    ; MASK: Look up table 1 selection
 000F           ALT_CR0_LUT0:         equ 0Fh    ; MASK: Look up table 0 selection
 0000           
 006B           CLK_CR3:      equ 6Bh          ; Analog Clock Source Control Register 3   (RW)
 0040           CLK_CR3_SYS1:         equ 40h    ; MASK: Analog Clock 1 selection
 0030           CLK_CR3_DIVCLK1:      equ 30h    ; MASK: Analog Clock 1 divider
 0004           CLK_CR3_SYS0:         equ 04h    ; MASK: Analog Clock 0 selection
 0003           CLK_CR3_DIVCLK0:      equ 03h    ; MASK: Analog Clock 0 divider
 0000           
 0000           ;------------------------------------------------
 0000           ;  Global Digital Interconnects
 0000           ;------------------------------------------------
 0000           
 00D0           GDI_O_IN:     equ 0D0h          ; Global Dig Interconnect Odd Inputs Reg   (RW)
 00D1           GDI_E_IN:     equ 0D1h          ; Global Dig Interconnect Even Inputs Reg  (RW)
 00D2           GDI_O_OU:     equ 0D2h          ; Global Dig Interconnect Odd Outputs Reg  (RW)
 00D3           GDI_E_OU:     equ 0D3h          ; Global Dig Interconnect Even Outputs Reg (RW)
 0000           
 0000           ;------------------------------------------------
 0000           ;  Analog Mux Bus Port Enable Bits
 0000           ;------------------------------------------------
 00D8           MUX_CR0:      equ 0D8h          ; Analog Mux Port 0 Bit Enables Register
 00D9           MUX_CR1:      equ 0D9h          ; Analog Mux Port 1 Bit Enables Register
 00DA           MUX_CR2:      equ 0DAh          ; Analog Mux Port 2 Bit Enables Register
 00DB           MUX_CR3:      equ 0DBh          ; Analog Mux Port 3 Bit Enables Register
 0000           
 0000           ;------------------------------------------------
 0000           ;  Clock and System Control Registers
 0000           ;------------------------------------------------
 0000           
 00DD           OSC_GO_EN:    equ 0DDh          ; Oscillator to Global Outputs Enable Register (RW)
 0080           OSC_GO_EN_SLPINT:      equ 80h	 ; Enable Sleep Timer onto GOE[7]
 0040           OSC_GO_EN_VC3:         equ 40h    ; Enable VC3 onto GOE[6]
 0020           OSC_GO_EN_VC2:         equ 20h    ; Enable VC2 onto GOE[5]
 0010           OSC_GO_EN_VC1:         equ 10h    ; Enable VC1 onto GOE[4]
 0008           OSC_GO_EN_SYSCLKX2:    equ 08h    ; Enable 2X SysClk onto GOE[3]
 0004           OSC_GO_EN_SYSCLK:      equ 04h    ; Enable 1X SysClk onto GOE[2]
 0002           OSC_GO_EN_CLK24M:      equ 02h    ; Enable 24 MHz clock onto GOE[1]
 0001           OSC_GO_EN_CLK32K:      equ 01h    ; Enable 32 kHz clock onto GOE[0]
 0000           
 00DE           OSC_CR4:      equ 0DEh          ; Oscillator Control Register 4            (RW)
 0003           OSC_CR4_VC3SEL:       equ 03h    ; MASK: System VC3 Clock source
 0000           
 00DF           OSC_CR3:      equ 0DFh          ; Oscillator Control Register 3            (RW)
 0000           
 00E0           OSC_CR0:      equ 0E0h          ; System Oscillator Control Register 0     (RW)
 0080           OSC_CR0_32K_SELECT:   equ 80h    ; MASK: Enable/Disable External XTAL Osc
 0040           OSC_CR0_PLL_MODE:     equ 40h    ; MASK: Enable/Disable PLL
 0020           OSC_CR0_NO_BUZZ:      equ 20h    ; MASK: Bandgap always powered/BUZZ bandgap
 0018           OSC_CR0_SLEEP:        equ 18h    ; MASK: Set Sleep timer freq/period
 0000           OSC_CR0_SLEEP_512Hz:  equ 00h    ;     Set sleep bits for 1.95ms period
 0008           OSC_CR0_SLEEP_64Hz:   equ 08h    ;     Set sleep bits for 15.6ms period
 0010           OSC_CR0_SLEEP_8Hz:    equ 10h    ;     Set sleep bits for 125ms period
 0018           OSC_CR0_SLEEP_1Hz:    equ 18h    ;     Set sleep bits for 1 sec period
 0007           OSC_CR0_CPU:          equ 07h    ; MASK: Set CPU Frequency
 0000           OSC_CR0_CPU_3MHz:     equ 00h    ;     set CPU Freq bits for 3MHz Operation
 0001           OSC_CR0_CPU_6MHz:     equ 01h    ;     set CPU Freq bits for 6MHz Operation
 0002           OSC_CR0_CPU_12MHz:    equ 02h    ;     set CPU Freq bits for 12MHz Operation
 0003           OSC_CR0_CPU_24MHz:    equ 03h    ;     set CPU Freq bits for 24MHz Operation
 0004           OSC_CR0_CPU_1d5MHz:   equ 04h    ;     set CPU Freq bits for 1.5MHz Operation
 0005           OSC_CR0_CPU_750kHz:   equ 05h    ;     set CPU Freq bits for 750kHz Operation
 0006           OSC_CR0_CPU_187d5kHz: equ 06h    ;     set CPU Freq bits for 187.5kHz Operation
 0007           OSC_CR0_CPU_93d7kHz:  equ 07h    ;     set CPU Freq bits for 93.7kHz Operation
 0000           
 00E1           OSC_CR1:      equ 0E1h          ; System VC1/VC2 Divider Control Register  (RW)
 00F0           OSC_CR1_VC1:          equ 0F0h    ; MASK: System VC1 24MHz/External Clk divider
 000F           OSC_CR1_VC2:          equ 0Fh    ; MASK: System VC2 24MHz/External Clk divider
 0000           
 00E2           OSC_CR2:      equ 0E2h          ; Oscillator Control Register 2            (RW)
 0080           OSC_CR2_PLLGAIN:      equ 80h    ; MASK: High/Low gain
 0004           OSC_CR2_EXTCLKEN:     equ 04h    ; MASK: Enable/Disable External Clock
 0002           OSC_CR2_IMODIS:       equ 02h    ; MASK: Enable/Disable System (IMO) Clock Net
 0001           OSC_CR2_SYSCLKX2DIS:  equ 01h    ; MASK: Enable/Disable 48MHz clock source
 0000           
 00E3           VLT_CR:       equ 0E3h          ; Voltage Monitor Control Register         (RW)
 0080           VLT_CR_SMP:           equ 80h    ; MASK: Enable Switch Mode Pump
 0030           VLT_CR_PORLEV:        equ 30h    ; MASK: Mask for Power on Reset level control
 0000           VLT_CR_POR_LOW:       equ 00h    ;   Lowest  Precision Power-on Reset trip point
 0010           VLT_CR_POR_MID:       equ 10h    ;   Middle  Precision Power-on Reset trip point
 0020           VLT_CR_POR_HIGH:      equ 20h    ;   Highest Precision Power-on Reset trip point
 0008           VLT_CR_LVDTBEN:       equ 08h    ; MASK: Enable the CPU Throttle Back on LVD
 0007           VLT_CR_VM:            equ 07h    ; MASK: Mask for Voltage Monitor level setting
 0000           
 00E4           VLT_CMP:      equ 0E4h          ; Voltage Monitor Comparators Register     (R)
 0008           VLT_CMP_NOWRITE:      equ 08h    ; MASK: Vcc below Flash Write level
 0004           VLT_CMP_PUMP:         equ 04h    ; MASK: Vcc below SMP trip level
 0002           VLT_CMP_LVD:          equ 02h    ; MASK: Vcc below LVD trip level
 0001           VLT_CMP_PPOR:         equ 01h    ; MASK: Vcc below PPOR trip level
 0000           
 00E5           ADC0_TR:      equ 0E5h          ; ADC Column 0 Trim Register
 00E6           ADC1_TR:      equ 0E6h          ; ADC Column 1 Trim Register
 0000           
 00E8           IMO_TR:       equ 0E8h          ; Internal Main Oscillator Trim Register   (W)
 00E9           ILO_TR:       equ 0E9h          ; Internal Low-speed Oscillator Trim       (W)
 00EA           BDG_TR:       equ 0EAh          ; Band Gap Trim Register                   (W)
 00EB           ECO_TR:       equ 0EBh          ; External Oscillator Trim Register        (W)
 0000           
 00FA           FLS_PR1:      equ 0FAh          ; Flash Program Register 1                 (RW)
 0003           FLS_PR1_BANK:         equ 03h    ; MASK: Select Active Flash Bank
 0000           
 00FD           DAC_CR:       equ 0FDh          ; Analog Mux DAC Control Register
 0008           DAC_CR_IRANGE:        equ 08h    ; MASK: Sets the DAC Range low or high
 0006           DAC_CR_OSCMODE:       equ 06h    ; MASK: Defines the reset mode for AMux
 0001           DAC_CR_ENABLE:        equ 01h    ; MASK: Enable/Disable DAC function
 0000           
 0000           ;;=============================================================================
 0000           ;;      M8C System Macros
 0000           ;;  These macros should be used when their functions are needed.
 0000           ;;=============================================================================
 0000           
 0000           ;----------------------------------------------------
 0000           ;  Swapping Register Banks
 0000           ;----------------------------------------------------
 0000               macro M8C_SetBank0
 0000               and   F, ~FLAG_XIO_MASK
 0000               macro M8C_SetBank1
 0000               or    F, FLAG_XIO_MASK
 0000               macro M8C_EnableGInt
 0000               or    F, FLAG_GLOBAL_IE
 0000               macro M8C_DisableGInt
 0000               and   F, ~FLAG_GLOBAL_IE
 0000               macro M8C_DisableIntMask
 0000               and   reg[@0], ~@1              ; disable specified interrupt enable bit
 0000               macro M8C_EnableIntMask
 0000               or    reg[@0], @1               ; enable specified interrupt enable bit
 0000               macro M8C_ClearIntFlag
 0000               mov   reg[@0], ~@1              ; clear specified interrupt enable bit
 0000               macro M8C_EnableWatchDog
 0000               and   reg[CPU_SCR0], ~CPU_SCR0_PORS_MASK
 0000               macro M8C_ClearWDT
 0000               mov   reg[RES_WDT], 00h
 0000               macro M8C_ClearWDTAndSleep
 0000               mov   reg[RES_WDT], 38h
 0000               macro M8C_Sleep
 0000               or    reg[CPU_SCR0], CPU_SCR0_SLEEP_MASK
 0000               ; The next instruction to be executed depends on the state of the
 0000               ; various interrupt enable bits. If some interrupts are enabled
 0000               ; and the global interrupts are disabled, the next instruction will
 0000               ; be the one that follows the invocation of this macro. If global
 0000               ; interrupts are also enabled then the next instruction will be
 0000               ; from the interrupt vector table. If no interrupts are enabled
 0000               ; then the CPU sleeps forever.
 0000               macro M8C_Stop
 0000               ; In general, you probably don't want to do this, but here's how:
 0000               or    reg[CPU_SCR0], CPU_SCR0_STOP_MASK
 0000               ; Next instruction to be executed is located in the interrupt
 0000               ; vector table entry for Power-On Reset.
 0000               macro M8C_Reset
 0000               ; Restore CPU to the power-on reset state.
 0000               mov A, 0
 0000               SSC
 0000               ; Next non-supervisor instruction will be at interrupt vector 0.
 0000               macro Suspend_CodeCompressor
 0000               or   F, 0
 0000               macro Resume_CodeCompressor
 0000               add  SP, 0
                export  _UART_TX_ISR
                export  _UART_RX_ISR
                
                IF (UART_RXBUF_ENABLE)
                export  UART_aRxBuffer
                export _UART_aRxBuffer
                export  UART_bRxCnt
                export _UART_bRxCnt
                export  UART_fStatus
                export _UART_fStatus
                ENDIF
                
                
                ;-----------------------------------------------
                ; Variable Allocation
                ;-----------------------------------------------
                AREA InterruptRAM (RAM, REL, CON)
                
                IF (UART_RXBUF_ENABLE)
 0000            UART_fStatus:
 0000           _UART_fStatus:      BLK  1
 0001            UART_bRxCnt:
 0001           _UART_bRxCnt:       BLK  1
                AREA UART_RAM (RAM, REL, CON)
 0000            UART_aRxBuffer:
 0000           _UART_aRxBuffer:    BLK UART_RX_BUFFER_SIZE
                ENDIF
                
                AREA InterruptRAM (RAM, REL, CON)
                
                ;@PSoC_UserCode_INIT@ (Do not change this line.)
                ;---------------------------------------------------
                ; Insert your custom declarations below this banner
                ;---------------------------------------------------
                
                ;------------------------
                ;  Includes
                ;------------------------
                
                
                ;------------------------
                ;  Constant Definitions
                ;------------------------
                
                
                ;------------------------
                ; Variable Allocation
                ;------------------------
                
                
                ;---------------------------------------------------
                ; Insert your custom declarations above this banner
                ;---------------------------------------------------
                ;@PSoC_UserCode_END@ (Do not change this line.)
                
                
                AREA UserModules (ROM, REL, CON)
                
                ;-----------------------------------------------------------------------------
                ;  FUNCTION NAME: _UART_TX_ISR
                ;
                ;  DESCRIPTION:
                ;     UART TX interrupt handler for instance UART.
                ;
                ;     This is a place holder function.  If the user requires use of an interrupt
                ;     handler for this function, then place code where specified.
                ;-----------------------------------------------------------------------------
                
 0000           _UART_TX_ISR:
 0000              ;@PSoC_UserCode_BODY_1@ (Do not change this line.)
 0000              ;---------------------------------------------------
 0000              ; Insert your custom code below this banner
 0000              ;---------------------------------------------------
 0000              ;   NOTE: interrupt service routines must preserve
 0000              ;   the values of the A and X CPU registers.
 0000              
 0000              ;---------------------------------------------------
 0000              ; Insert your custom code above this banner
 0000              ;---------------------------------------------------
 0000              ;@PSoC_UserCode_END@ (Do not change this line.)
 0000 7E           reti
 0001           
 0001           
 0001           ;-----------------------------------------------------------------------------
 0001           ;  FUNCTION NAME: _UART_RX_ISR
 0001           ;
 0001           ;  DESCRIPTION:
 0001           ;     UART RX interrupt handler for instance UART.
 0001           ;     This ISR handles the background processing of received characters if
 0001           ;     the buffer is enabled.
 0001           ;
 0001           ;
 0001           ;  The following assumes that the RX buffer feature has been enabled.
 0001           ;
 0001           ;  SIDE EFFECTS:
 0001           ;     There are 3 posible errors that may occur with the serial port.
 0001           ;      1) Parity Error
 0001           ;      2) Framing Error
 0001           ;      3) OverRun Error
 0001           ;
 0001           ;  This user module check for parity and framing error.  If either of these
 0001           ;  two errors are detected, the data is read and ignored.  When an overRun
 0001           ;  error occurs, the last byte was lost, but the current byte is valid.  For
 0001           ;  this reason this error is ignored at this time.  Code could be added to
 0001           ;  this ISR to set a flag if an error condition occurs.
 0001           ;
 0001           ;  THEORY of OPERATION:
 0001           ;     When using the RX buffer feature, the ISR collects received characters
 0001           ;     in a buffer until the user defined command terminator is detected.  After
 0001           ;     the command terminator is detected, the command bit is set and all other
 0001           ;     characters will be ignored until the command bit is reset.  Up to
 0001           ;     buffer_size - 1 characters will be collected waiting for a command
 0001           ;     terminator.  After that, the characters will be discarded, although
 0001           ;     a command determinator will still cause the command bit to be set.
 0001           ;
 0001           ;-----------------------------------------------------------------------------
 0001           _UART_RX_ISR:
 0001           
 0001              ;@PSoC_UserCode_BODY_2@ (Do not change this line.)
 0001              ;---------------------------------------------------
 0001              ; Insert your custom code below this banner
 0001              ;---------------------------------------------------
 0001              ;   NOTE: interrupt service routines must preserve
 0001              ;   the values of the A and X CPU registers.
 0001           
 0001              ;---------------------------------------------------
 0001              ; Insert your custom code above this banner
 0001              ;---------------------------------------------------
 0001              ;@PSoC_UserCode_END@ (Do not change this line.)
 0001           
                IF (UART_RXBUF_ENABLE)
 0001 08           push A
 0002 10           push X
 0003              
                   IF SYSTEM_LARGE_MEMORY_MODEL
 0003 5DD3         mov   A, reg[ IDX_PP ]
 0005 08           push  A
                   ENDIF
                   
 0006 5801         mov  X,[UART_bRxCnt]                                    ; Load X with byte counter
 0008 5D2F         mov  A,REG[UART_RX_CONTROL_REG]                         ; Read the control register
 000A 08           push A                                                  ; Store copy for later test
 000B                                                                      ; IF real RX interrupt
 000B 2108         and  A,UART_RX_REG_FULL                                 ; Did really really get an IRQ
 000D B004         jnz  .UARTRX_ReadRx                                     ; Data ready, go get it
 000F 18           pop  A                                                  ; Restore stack
 0010 805E         jmp  .RESTORE_IDX_PP
 0012           
 0012           .UARTRX_ReadRx:
 0012 18           pop  A                                                  ; Restore status flags
 0013                                                                      ; IF there is no error, get data
 0013                                                                      ; Check for parity or framing error
 0013 21E0         and  A,UART_RX_ERROR
 0015 A012         jz   .UARTRX_NO_ERROR                                   ; If there is not an Error go read data
 0017           
 0017 2C00         or   [UART_fStatus],A                                   ; Set error flags (parity,framing,overrun) bits
 0019 492E00       tst  REG[UART_RX_BUFFER_REG], 0x00                      ; Read the data buffer to clear it.
 001C 2120         and  A,UART_RX_FRAMING_ERROR                            ; Check for framing error special case
 001E A050         jz   .RESTORE_IDX_PP                                    ; Not framing error, all done
 0020           
 0020                                                                      ; Disable and re-enable RX to reset after
 0020                                                                      ; framing error.
 0020 412FFE       and   REG[UART_RX_CONTROL_REG], ~UART_RX_ENABLE         ; Disable RX
 0023 432F01       or    REG[UART_RX_CONTROL_REG],  UART_RX_ENABLE         ; Enable RX
 0026 8048         jmp  .RESTORE_IDX_PP                                    ; Done with framing error, leave.
 0028           
 0028           
 0028           .UARTRX_NO_ERROR:
 0028 5D2E         mov  A,REG[UART_RX_BUFFER_REG ]                         ; Read the data buffer
 002A           
 002A                                                                      ; IF buffer not full
 002A 470001       tst  [UART_fStatus],UART_RX_BUF_CMDTERM                 ; Check for buffer full
 002D B041         jnz  .RESTORE_IDX_PP                                    ; All done
 002F           
 002F 390D         cmp  A,UART_CMD_TERM                                    ; Check for End of command
 0031 B014         jnz  .UARTRX_CHK_BACKSPACE
 0033 2E0001       or   [UART_fStatus],UART_RX_BUF_CMDTERM                 ; Set command ready bit
 0036           
 0036           
 0036           
                   IF ( SYSTEM_LARGE_MEMORY_MODEL )
 0036 62D300          mov reg[IDX_PP], >UART_aRxBuffer
                   ENDIF
                   IF ( SYSTEM_LARGE_MEMORY_MODEL )
 0039 703F            and   F, ~FLAG_PGMODE_MASK        ; NOTE: transition thru 00b state
 003B 7180            or    F,  FLAG_PGMODE_MASK & FLAG_PGMODE_10b
                   ENDIF
 003D 560000       mov  [X + UART_aRxBuffer],00h                           ; Zero out last data
                   IF ( SYSTEM_LARGE_MEMORY_MODEL )
 0040 703F            and   F, ~FLAG_PGMODE_MASK        ; NOTE: transition thru 00b state
 0042 7100            or    F,  FLAG_PGMODE_MASK & FLAG_PGMODE_00b
                   ENDIF
 0044 802A         jmp  .RESTORE_IDX_PP
 0046           
 0046           .UARTRX_CHK_BACKSPACE:                                     ; 
                IF(UART_BACKSPACE_ENABLE)                                  ; Enable if backspace/delete mode
                   cmp  A,UART_BACKSPACE_ENABLE                            ; Check for backspace character
                   jnz  .UARTRX_IGNORE                                     ; If not, skip the backspace stuff
                   cmp  [UART_bRxCnt],00h                                  ; Check if buffer empty
                   jz   .RESTORE_IDX_PP                                    ; 
                   dec  [UART_bRxCnt]                                      ; Decrement buffer count by one.
                   jmp  .RESTORE_IDX_PP
                ENDIF                                                      ; 
                
 0046           .UARTRX_IGNORE:
                IF(UART_RX_IGNORE_BELOW)                                   ; Ignore charaters below this value
 0046 3920         cmp  A,UART_RX_IGNORE_BELOW                             ; If ignore char is set to 0x00, do not
 0048 C026         jc   .RESTORE_IDX_PP                                    ; ignore any characters.
                ENDIF
                
 004A           .UARTRX_CHK_OVFL:                                          ; Check for MAX String here
 004A           	
                   IF ( SYSTEM_LARGE_MEMORY_MODEL )
 004A 62D300          mov reg[IDX_PP], >UART_aRxBuffer
                   ENDIF
 004D 3C010F       cmp  [UART_bRxCnt],(UART_RX_BUFFER_SIZE - 1)
 0050 C011         jc   .UARTRX_ISR_GETDATA
                   IF ( SYSTEM_LARGE_MEMORY_MODEL )
 0052 703F            and   F, ~FLAG_PGMODE_MASK        ; NOTE: transition thru 00b state
 0054 7180            or    F,  FLAG_PGMODE_MASK & FLAG_PGMODE_10b
                   ENDIF
 0056 560000       mov  [X + UART_aRxBuffer],00h                           ; Zero out last data in the buffer
                   IF ( SYSTEM_LARGE_MEMORY_MODEL )
 0059 703F            and   F, ~FLAG_PGMODE_MASK        ; NOTE: transition thru 00b state
 005B 7100            or    F,  FLAG_PGMODE_MASK & FLAG_PGMODE_00b
                   ENDIF
 005D 2E0010       or   [UART_fStatus],UART_RX_BUF_OVERRUN                 ; Set error flags (parity,framing,overrun) bits
 0060 800E         jmp  .RESTORE_IDX_PP
 0062           
 0062           .UARTRX_ISR_GETDATA:                                       ; IF input data == "CR", then end of command
 0062                                                                      ; X is already loaded with pointer
                   IF ( SYSTEM_LARGE_MEMORY_MODEL )
 0062 703F            and   F, ~FLAG_PGMODE_MASK        ; NOTE: transition thru 00b state
 0064 7180            or    F,  FLAG_PGMODE_MASK & FLAG_PGMODE_10b
                   ENDIF
 0066 5400         mov  [X+UART_aRxBuffer],A                               ; store data in array
                   IF ( SYSTEM_LARGE_MEMORY_MODEL )
 0068 703F            and   F, ~FLAG_PGMODE_MASK        ; NOTE: transition thru 00b state
 006A 7100            or    F,  FLAG_PGMODE_MASK & FLAG_PGMODE_00b
                   ENDIF
 006C 75           inc  X                                                  ; Inc the pointer
 006D 5A01         mov  [UART_bRxCnt],X                                    ; Restore the pointer
 006F                                                                      ; ENDIF max string size
 006F           .RESTORE_IDX_PP:
                   IF SYSTEM_LARGE_MEMORY_MODEL
 006F 18           pop   A
 0070 60D3         mov   reg[ IDX_PP ], A
                   ENDIF
                
 0072           .END_UARTRX_ISR:
 0072 20           pop  X
 0073 18           pop  A
 0074           
                ENDIF
                
 0074           UART_RX_ISR_END:
 0074 7E           reti
 0075           
 0075           ; end of file UARTINT.asm
 0075           
